ERROR: Unable to locate a modulefile for 'python/anaconda-2021.05'
[32m[I 2022-05-23 23:14:30,839][0m Using an existing study with name 'peanut' instead of creating a new one.[0m
Training Epochs:   0%|          | 0/10 [00:00<?, ?it/s]Training Epochs:  10%|â–ˆ         | 1/10 [05:38<50:44, 338.30s/it]Training Epochs:  20%|â–ˆâ–ˆ        | 2/10 [11:02<44:00, 330.10s/it]Training Epochs:  30%|â–ˆâ–ˆâ–ˆ       | 3/10 [16:32<38:29, 329.89s/it]Training Epochs:  40%|â–ˆâ–ˆâ–ˆâ–ˆ      | 4/10 [21:59<32:52, 328.70s/it]Training Epochs:  50%|â–ˆâ–ˆâ–ˆâ–ˆâ–ˆ     | 5/10 [27:20<27:10, 326.12s/it]Training Epochs:  60%|â–ˆâ–ˆâ–ˆâ–ˆâ–ˆâ–ˆ    | 6/10 [32:44<21:41, 325.39s/it]Training Epochs:  70%|â–ˆâ–ˆâ–ˆâ–ˆâ–ˆâ–ˆâ–ˆ   | 7/10 [38:14<16:20, 326.94s/it]Training Epochs:  80%|â–ˆâ–ˆâ–ˆâ–ˆâ–ˆâ–ˆâ–ˆâ–ˆ  | 8/10 [43:44<10:55, 327.94s/it]Training Epochs:  90%|â–ˆâ–ˆâ–ˆâ–ˆâ–ˆâ–ˆâ–ˆâ–ˆâ–ˆ | 9/10 [49:06<05:25, 325.82s/it]Training Epochs: 100%|â–ˆâ–ˆâ–ˆâ–ˆâ–ˆâ–ˆâ–ˆâ–ˆâ–ˆâ–ˆ| 10/10 [54:27<00:00, 324.39s/it]Training Epochs: 100%|â–ˆâ–ˆâ–ˆâ–ˆâ–ˆâ–ˆâ–ˆâ–ˆâ–ˆâ–ˆ| 10/10 [54:27<00:00, 326.73s/it]
[32m[I 2022-05-24 00:13:45,239][0m Trial 76 finished with value: 0.9599842344011579 and parameters: {'guassian_blur': True, 'guassian_sigma': 2.7653956170282257, 'downsample': False, 'cell_width_pct': 0.125, 'lr': 0.0009997658460122122, 'momentum': 0.9266203909961298, 'conv_kernel_size': 5, 'num_layers': 2, 'layer_0': 32, 'layer_1': 16, 'optim': 'adam', 'clip_max_norm': 0.5782777253888639}. Best is trial 23 with value: 0.616194739405598.[0m
Training Epochs:   0%|          | 0/10 [00:00<?, ?it/s]Training Epochs:   0%|          | 0/10 [05:37<?, ?it/s]
[32m[I 2022-05-24 00:24:10,637][0m Trial 94 pruned. [0m
Training Epochs:   0%|          | 0/10 [00:00<?, ?it/s]Training Epochs:   0%|          | 0/10 [04:23<?, ?it/s]
[32m[I 2022-05-24 00:33:30,780][0m Trial 97 pruned. [0m
Training Epochs:   0%|          | 0/10 [00:00<?, ?it/s]Training Epochs:  10%|â–ˆ         | 1/10 [04:32<40:53, 272.61s/it]Training Epochs:  20%|â–ˆâ–ˆ        | 2/10 [09:02<36:06, 270.82s/it]Training Epochs:  30%|â–ˆâ–ˆâ–ˆ       | 3/10 [13:30<31:27, 269.68s/it]Training Epochs:  40%|â–ˆâ–ˆâ–ˆâ–ˆ      | 4/10 [17:56<26:48, 268.16s/it]Training Epochs:  50%|â–ˆâ–ˆâ–ˆâ–ˆâ–ˆ     | 5/10 [22:19<22:12, 266.53s/it]Training Epochs:  60%|â–ˆâ–ˆâ–ˆâ–ˆâ–ˆâ–ˆ    | 6/10 [26:43<17:41, 265.37s/it]Training Epochs:  70%|â–ˆâ–ˆâ–ˆâ–ˆâ–ˆâ–ˆâ–ˆ   | 7/10 [31:07<13:15, 265.12s/it]Training Epochs:  80%|â–ˆâ–ˆâ–ˆâ–ˆâ–ˆâ–ˆâ–ˆâ–ˆ  | 8/10 [35:31<08:49, 264.64s/it]Training Epochs:  90%|â–ˆâ–ˆâ–ˆâ–ˆâ–ˆâ–ˆâ–ˆâ–ˆâ–ˆ | 9/10 [39:48<04:22, 262.18s/it]Training Epochs: 100%|â–ˆâ–ˆâ–ˆâ–ˆâ–ˆâ–ˆâ–ˆâ–ˆâ–ˆâ–ˆ| 10/10 [44:12<00:00, 262.81s/it]Training Epochs: 100%|â–ˆâ–ˆâ–ˆâ–ˆâ–ˆâ–ˆâ–ˆâ–ˆâ–ˆâ–ˆ| 10/10 [44:12<00:00, 265.23s/it]
[32m[I 2022-05-24 01:22:38,281][0m Trial 100 finished with value: 0.7749790166105542 and parameters: {'guassian_blur': True, 'guassian_sigma': 2.9911529557868817, 'downsample': False, 'cell_width_pct': 0.125, 'lr': 0.0006567452351580049, 'momentum': 0.8950286434272339, 'conv_kernel_size': 4, 'num_layers': 2, 'layer_0': 32, 'layer_1': 16, 'optim': 'adam', 'clip_max_norm': 0.6010104083805213}. Best is trial 23 with value: 0.616194739405598.[0m
Training Epochs:   0%|          | 0/10 [00:00<?, ?it/s]Training Epochs:   0%|          | 0/10 [03:40<?, ?it/s]
[32m[I 2022-05-24 01:31:10,535][0m Trial 115 pruned. [0m
Training Epochs:   0%|          | 0/10 [00:00<?, ?it/s]Training Epochs:   0%|          | 0/10 [04:54<?, ?it/s]
[32m[I 2022-05-24 01:40:56,133][0m Trial 122 pruned. [0m
Training Epochs:   0%|          | 0/10 [00:00<?, ?it/s]Training Epochs:   0%|          | 0/10 [05:34<?, ?it/s]
[32m[I 2022-05-24 01:51:17,800][0m Trial 129 pruned. [0m
Training Epochs:   0%|          | 0/10 [00:00<?, ?it/s]Training Epochs:  10%|â–ˆ         | 1/10 [05:37<50:40, 337.78s/it]Training Epochs:  20%|â–ˆâ–ˆ        | 2/10 [11:04<44:07, 331.00s/it]Training Epochs:  20%|â–ˆâ–ˆ        | 2/10 [16:37<1:06:28, 498.56s/it]
[32m[I 2022-05-24 02:13:20,055][0m Trial 135 pruned. [0m
Training Epochs:   0%|          | 0/10 [00:00<?, ?it/s]Training Epochs:  10%|â–ˆ         | 1/10 [10:51<1:37:46, 651.79s/it]Training Epochs:  20%|â–ˆâ–ˆ        | 2/10 [21:26<1:25:33, 641.70s/it]Training Epochs:  30%|â–ˆâ–ˆâ–ˆ       | 3/10 [31:56<1:14:14, 636.38s/it]Training Epochs:  40%|â–ˆâ–ˆâ–ˆâ–ˆ      | 4/10 [42:24<1:03:18, 633.06s/it]Training Epochs:  50%|â–ˆâ–ˆâ–ˆâ–ˆâ–ˆ     | 5/10 [52:48<52:29, 629.98s/it]  Training Epochs:  60%|â–ˆâ–ˆâ–ˆâ–ˆâ–ˆâ–ˆ    | 6/10 [1:03:11<41:49, 627.30s/it]Training Epochs:  70%|â–ˆâ–ˆâ–ˆâ–ˆâ–ˆâ–ˆâ–ˆ   | 7/10 [1:13:35<31:18, 626.28s/it]Training Epochs:  80%|â–ˆâ–ˆâ–ˆâ–ˆâ–ˆâ–ˆâ–ˆâ–ˆ  | 8/10 [1:24:00<20:52, 626.02s/it]Training Epochs:  90%|â–ˆâ–ˆâ–ˆâ–ˆâ–ˆâ–ˆâ–ˆâ–ˆâ–ˆ | 9/10 [1:34:25<10:25, 625.76s/it]Training Epochs: 100%|â–ˆâ–ˆâ–ˆâ–ˆâ–ˆâ–ˆâ–ˆâ–ˆâ–ˆâ–ˆ| 10/10 [1:44:47<00:00, 624.47s/it]Training Epochs: 100%|â–ˆâ–ˆâ–ˆâ–ˆâ–ˆâ–ˆâ–ˆâ–ˆâ–ˆâ–ˆ| 10/10 [1:44:47<00:00, 628.75s/it]
[32m[I 2022-05-24 04:03:04,429][0m Trial 139 finished with value: 0.7099234653370721 and parameters: {'guassian_blur': True, 'guassian_sigma': 3.396273929791737, 'downsample': False, 'cell_width_pct': 1, 'lr': 0.0003398999551751229, 'momentum': 0.743823729537563, 'conv_kernel_size': 6, 'num_layers': 2, 'layer_0': 32, 'layer_1': 32, 'optim': 'adam', 'clip_max_norm': 0.6266036586686625}. Best is trial 23 with value: 0.616194739405598.[0m
Training Epochs:   0%|          | 0/10 [00:00<?, ?it/s]Training Epochs:   0%|          | 0/10 [15:50<?, ?it/s]
[32m[I 2022-05-24 04:24:06,476][0m Trial 179 pruned. [0m
Training Epochs:   0%|          | 0/10 [00:00<?, ?it/s]Training Epochs:  10%|â–ˆ         | 1/10 [10:32<1:34:56, 632.99s/it]Training Epochs:  20%|â–ˆâ–ˆ        | 2/10 [20:59<1:23:51, 628.97s/it]Training Epochs:  30%|â–ˆâ–ˆâ–ˆ       | 3/10 [31:24<1:13:10, 627.21s/it]Training Epochs:  40%|â–ˆâ–ˆâ–ˆâ–ˆ      | 4/10 [41:47<1:02:34, 625.68s/it]Training Epochs:  50%|â–ˆâ–ˆâ–ˆâ–ˆâ–ˆ     | 5/10 [52:13<52:09, 625.82s/it]  Training Epochs:  60%|â–ˆâ–ˆâ–ˆâ–ˆâ–ˆâ–ˆ    | 6/10 [1:02:38<41:42, 625.54s/it]Training Epochs:  70%|â–ˆâ–ˆâ–ˆâ–ˆâ–ˆâ–ˆâ–ˆ   | 7/10 [1:13:01<31:13, 624.64s/it]Training Epochs:  80%|â–ˆâ–ˆâ–ˆâ–ˆâ–ˆâ–ˆâ–ˆâ–ˆ  | 8/10 [1:23:26<20:49, 624.79s/it]Training Epochs:  90%|â–ˆâ–ˆâ–ˆâ–ˆâ–ˆâ–ˆâ–ˆâ–ˆâ–ˆ | 9/10 [1:33:49<10:24, 624.14s/it]Training Epochs: 100%|â–ˆâ–ˆâ–ˆâ–ˆâ–ˆâ–ˆâ–ˆâ–ˆâ–ˆâ–ˆ| 10/10 [1:44:06<00:00, 622.14s/it]Training Epochs: 100%|â–ˆâ–ˆâ–ˆâ–ˆâ–ˆâ–ˆâ–ˆâ–ˆâ–ˆâ–ˆ| 10/10 [1:44:06<00:00, 624.69s/it]
[32m[I 2022-05-24 06:13:34,522][0m Trial 186 finished with value: 0.7706189453601837 and parameters: {'guassian_blur': False, 'downsample': False, 'cell_width_pct': 1, 'lr': 0.0004786324131158886, 'momentum': 0.7182052875250862, 'conv_kernel_size': 6, 'num_layers': 2, 'layer_0': 32, 'layer_1': 32, 'optim': 'adam', 'clip_max_norm': 0.7336554706215455}. Best is trial 23 with value: 0.616194739405598.[0m
Training Epochs:   0%|          | 0/10 [00:00<?, ?it/s]Training Epochs:   0%|          | 0/10 [10:35<?, ?it/s]
[32m[I 2022-05-24 06:29:25,075][0m Trial 195 pruned. [0m
Training Epochs:   0%|          | 0/10 [00:00<?, ?it/s]Training Epochs:   0%|          | 0/10 [10:42<?, ?it/s]
[32m[I 2022-05-24 06:45:24,662][0m Trial 199 pruned. [0m
Training Epochs:   0%|          | 0/10 [00:00<?, ?it/s]Training Epochs:  10%|â–ˆ         | 1/10 [10:37<1:35:36, 637.40s/it]Training Epochs:  20%|â–ˆâ–ˆ        | 2/10 [21:07<1:24:23, 632.91s/it]Training Epochs:  30%|â–ˆâ–ˆâ–ˆ       | 3/10 [31:37<1:13:42, 631.86s/it]Training Epochs:  40%|â–ˆâ–ˆâ–ˆâ–ˆ      | 4/10 [42:10<1:03:12, 632.03s/it]Training Epochs:  50%|â–ˆâ–ˆâ–ˆâ–ˆâ–ˆ     | 5/10 [52:38<52:33, 630.78s/it]  Training Epochs:  60%|â–ˆâ–ˆâ–ˆâ–ˆâ–ˆâ–ˆ    | 6/10 [1:03:06<41:59, 629.82s/it]