ERROR: Unable to locate a modulefile for 'python/anaconda-2021.05'
[32m[I 2022-05-23 23:14:30,846][0m Using an existing study with name 'peanut' instead of creating a new one.[0m
Training Epochs:   0%|          | 0/10 [00:00<?, ?it/s]Training Epochs:  10%|â–ˆ         | 1/10 [05:38<50:49, 338.85s/it]Training Epochs:  20%|â–ˆâ–ˆ        | 2/10 [11:07<44:23, 332.95s/it]Training Epochs:  30%|â–ˆâ–ˆâ–ˆ       | 3/10 [16:38<38:45, 332.20s/it]Training Epochs:  40%|â–ˆâ–ˆâ–ˆâ–ˆ      | 4/10 [22:10<33:11, 332.00s/it]Training Epochs:  50%|â–ˆâ–ˆâ–ˆâ–ˆâ–ˆ     | 5/10 [27:34<27:25, 329.19s/it]Training Epochs:  60%|â–ˆâ–ˆâ–ˆâ–ˆâ–ˆâ–ˆ    | 6/10 [33:01<21:52, 328.20s/it]Training Epochs:  70%|â–ˆâ–ˆâ–ˆâ–ˆâ–ˆâ–ˆâ–ˆ   | 7/10 [38:34<16:29, 329.97s/it]Training Epochs:  80%|â–ˆâ–ˆâ–ˆâ–ˆâ–ˆâ–ˆâ–ˆâ–ˆ  | 8/10 [44:07<11:01, 330.88s/it]Training Epochs:  90%|â–ˆâ–ˆâ–ˆâ–ˆâ–ˆâ–ˆâ–ˆâ–ˆâ–ˆ | 9/10 [49:31<05:28, 328.82s/it]Training Epochs: 100%|â–ˆâ–ˆâ–ˆâ–ˆâ–ˆâ–ˆâ–ˆâ–ˆâ–ˆâ–ˆ| 10/10 [54:55<00:00, 327.35s/it]Training Epochs: 100%|â–ˆâ–ˆâ–ˆâ–ˆâ–ˆâ–ˆâ–ˆâ–ˆâ–ˆâ–ˆ| 10/10 [54:55<00:00, 329.59s/it]
[32m[I 2022-05-24 00:13:59,671][0m Trial 80 finished with value: 0.8665897782359805 and parameters: {'guassian_blur': True, 'guassian_sigma': 2.705802537627602, 'downsample': False, 'cell_width_pct': 0.125, 'lr': 0.0009817940395569946, 'momentum': 0.8965665264449699, 'conv_kernel_size': 5, 'num_layers': 2, 'layer_0': 32, 'layer_1': 16, 'optim': 'adam', 'clip_max_norm': 0.5659784833514994}. Best is trial 23 with value: 0.616194739405598.[0m
Training Epochs:   0%|          | 0/10 [00:00<?, ?it/s]Training Epochs:  10%|â–ˆ         | 1/10 [05:42<51:23, 342.59s/it]Training Epochs:  20%|â–ˆâ–ˆ        | 2/10 [10:49<42:53, 321.67s/it]Training Epochs:  30%|â–ˆâ–ˆâ–ˆ       | 3/10 [16:15<37:45, 323.70s/it]Training Epochs:  40%|â–ˆâ–ˆâ–ˆâ–ˆ      | 4/10 [21:25<31:49, 318.31s/it]Training Epochs:  50%|â–ˆâ–ˆâ–ˆâ–ˆâ–ˆ     | 5/10 [27:03<27:06, 325.20s/it]Training Epochs:  60%|â–ˆâ–ˆâ–ˆâ–ˆâ–ˆâ–ˆ    | 6/10 [32:38<21:54, 328.66s/it]Training Epochs:  70%|â–ˆâ–ˆâ–ˆâ–ˆâ–ˆâ–ˆâ–ˆ   | 7/10 [38:14<16:33, 331.05s/it]Training Epochs:  80%|â–ˆâ–ˆâ–ˆâ–ˆâ–ˆâ–ˆâ–ˆâ–ˆ  | 8/10 [43:50<11:05, 332.65s/it]Training Epochs:  90%|â–ˆâ–ˆâ–ˆâ–ˆâ–ˆâ–ˆâ–ˆâ–ˆâ–ˆ | 9/10 [49:26<05:33, 333.69s/it]Training Epochs: 100%|â–ˆâ–ˆâ–ˆâ–ˆâ–ˆâ–ˆâ–ˆâ–ˆâ–ˆâ–ˆ| 10/10 [55:01<00:00, 334.05s/it]Training Epochs: 100%|â–ˆâ–ˆâ–ˆâ–ˆâ–ˆâ–ˆâ–ˆâ–ˆâ–ˆâ–ˆ| 10/10 [55:01<00:00, 330.14s/it]
[32m[I 2022-05-24 01:13:30,798][0m Trial 96 finished with value: 0.7840889607157026 and parameters: {'guassian_blur': True, 'guassian_sigma': 2.3254138039765007, 'downsample': False, 'cell_width_pct': 0.125, 'lr': 0.0005596454257777803, 'momentum': 0.9985948968185239, 'conv_kernel_size': 5, 'num_layers': 2, 'layer_0': 32, 'layer_1': 16, 'optim': 'adam', 'clip_max_norm': 0.6674827240320912}. Best is trial 23 with value: 0.616194739405598.[0m
Training Epochs:   0%|          | 0/10 [00:00<?, ?it/s]Training Epochs:   0%|          | 0/10 [06:23<?, ?it/s]
[32m[I 2022-05-24 01:25:05,094][0m Trial 111 pruned. [0m
Training Epochs:   0%|          | 0/10 [00:00<?, ?it/s]Training Epochs:   0%|          | 0/10 [04:21<?, ?it/s]
[32m[I 2022-05-24 01:34:15,383][0m Trial 118 pruned. [0m
Training Epochs:   0%|          | 0/10 [00:00<?, ?it/s]Training Epochs:   0%|          | 0/10 [02:45<?, ?it/s]
[32m[I 2022-05-24 01:41:52,362][0m Trial 125 pruned. [0m
Training Epochs:   0%|          | 0/10 [00:00<?, ?it/s]Training Epochs:  10%|â–ˆ         | 1/10 [05:36<50:31, 336.81s/it]Training Epochs:  20%|â–ˆâ–ˆ        | 2/10 [11:02<44:03, 330.42s/it]Training Epochs:  30%|â–ˆâ–ˆâ–ˆ       | 3/10 [16:33<38:34, 330.66s/it]Training Epochs:  40%|â–ˆâ–ˆâ–ˆâ–ˆ      | 4/10 [21:58<32:50, 328.42s/it]Training Epochs:  50%|â–ˆâ–ˆâ–ˆâ–ˆâ–ˆ     | 5/10 [27:26<27:20, 328.15s/it]Training Epochs:  60%|â–ˆâ–ˆâ–ˆâ–ˆâ–ˆâ–ˆ    | 6/10 [32:31<21:21, 320.27s/it]Training Epochs:  70%|â–ˆâ–ˆâ–ˆâ–ˆâ–ˆâ–ˆâ–ˆ   | 7/10 [37:58<16:07, 322.66s/it]Training Epochs:  80%|â–ˆâ–ˆâ–ˆâ–ˆâ–ˆâ–ˆâ–ˆâ–ˆ  | 8/10 [43:26<10:48, 324.21s/it]Training Epochs:  90%|â–ˆâ–ˆâ–ˆâ–ˆâ–ˆâ–ˆâ–ˆâ–ˆâ–ˆ | 9/10 [48:50<05:24, 324.02s/it]Training Epochs: 100%|â–ˆâ–ˆâ–ˆâ–ˆâ–ˆâ–ˆâ–ˆâ–ˆâ–ˆâ–ˆ| 10/10 [54:17<00:00, 325.17s/it]Training Epochs: 100%|â–ˆâ–ˆâ–ˆâ–ˆâ–ˆâ–ˆâ–ˆâ–ˆâ–ˆâ–ˆ| 10/10 [54:17<00:00, 325.78s/it]
[32m[I 2022-05-24 02:40:45,712][0m Trial 131 finished with value: 0.8394670358725956 and parameters: {'guassian_blur': True, 'guassian_sigma': 2.7828499912491873, 'downsample': False, 'cell_width_pct': 0.125, 'lr': 0.0009576349633731777, 'momentum': 0.9273338543874006, 'conv_kernel_size': 5, 'num_layers': 2, 'layer_0': 32, 'layer_1': 16, 'optim': 'adam', 'clip_max_norm': 0.550182273801242}. Best is trial 23 with value: 0.616194739405598.[0m
Training Epochs:   0%|          | 0/10 [00:00<?, ?it/s]Training Epochs:   0%|          | 0/10 [07:13<?, ?it/s]
[32m[I 2022-05-24 02:53:07,911][0m Trial 147 pruned. [0m
Training Epochs:   0%|          | 0/10 [00:00<?, ?it/s]Training Epochs:   0%|          | 0/10 [01:21<?, ?it/s]
[32m[I 2022-05-24 02:59:36,366][0m Trial 151 pruned. [0m
Training Epochs:   0%|          | 0/10 [00:00<?, ?it/s]Training Epochs:  10%|â–ˆ         | 1/10 [05:41<51:15, 341.68s/it]Training Epochs:  10%|â–ˆ         | 1/10 [11:14<1:41:12, 674.73s/it]
[32m[I 2022-05-24 03:16:01,965][0m Trial 154 pruned. [0m
Training Epochs:   0%|          | 0/10 [00:00<?, ?it/s]Training Epochs:   0%|          | 0/10 [02:12<?, ?it/s]
[32m[I 2022-05-24 03:23:24,339][0m Trial 158 pruned. [0m
Training Epochs:   0%|          | 0/10 [00:00<?, ?it/s]Training Epochs:   0%|          | 0/10 [02:34<?, ?it/s]
[32m[I 2022-05-24 03:31:11,678][0m Trial 160 pruned. [0m
Training Epochs:   0%|          | 0/10 [00:00<?, ?it/s]Training Epochs:   0%|          | 0/10 [05:37<?, ?it/s]
[32m[I 2022-05-24 03:41:59,667][0m Trial 163 pruned. [0m
Training Epochs:   0%|          | 0/10 [00:00<?, ?it/s]Training Epochs:   0%|          | 0/10 [04:51<?, ?it/s]
[32m[I 2022-05-24 03:52:00,242][0m Trial 166 pruned. [0m
Training Epochs:   0%|          | 0/10 [00:00<?, ?it/s]Training Epochs:  10%|â–ˆ         | 1/10 [01:02<09:24, 62.67s/it]Training Epochs:  20%|â–ˆâ–ˆ        | 2/10 [02:04<08:17, 62.20s/it]Training Epochs:  20%|â–ˆâ–ˆ        | 2/10 [03:07<12:29, 93.66s/it]
[32m[I 2022-05-24 04:00:14,078][0m Trial 171 pruned. [0m
Training Epochs:   0%|          | 0/10 [00:00<?, ?it/s]Training Epochs:   0%|          | 0/10 [10:39<?, ?it/s]
[32m[I 2022-05-24 04:15:53,705][0m Trial 176 pruned. [0m
Training Epochs:   0%|          | 0/10 [00:00<?, ?it/s]Training Epochs:   0%|          | 0/10 [10:43<?, ?it/s]
[32m[I 2022-05-24 04:31:32,655][0m Trial 183 pruned. [0m
Training Epochs:   0%|          | 0/10 [00:00<?, ?it/s]Training Epochs:  10%|â–ˆ         | 1/10 [10:33<1:34:57, 633.10s/it]Training Epochs:  20%|â–ˆâ–ˆ        | 2/10 [20:59<1:23:53, 629.17s/it]Training Epochs:  30%|â–ˆâ–ˆâ–ˆ       | 3/10 [31:25<1:13:15, 627.92s/it]Training Epochs:  40%|â–ˆâ–ˆâ–ˆâ–ˆ      | 4/10 [41:50<1:02:40, 626.69s/it]Training Epochs:  50%|â–ˆâ–ˆâ–ˆâ–ˆâ–ˆ     | 5/10 [52:14<52:07, 625.46s/it]  Training Epochs:  60%|â–ˆâ–ˆâ–ˆâ–ˆâ–ˆâ–ˆ    | 6/10 [1:02:37<41:39, 624.83s/it]Training Epochs:  70%|â–ˆâ–ˆâ–ˆâ–ˆâ–ˆâ–ˆâ–ˆ   | 7/10 [1:12:59<31:11, 623.74s/it]Training Epochs:  80%|â–ˆâ–ˆâ–ˆâ–ˆâ–ˆâ–ˆâ–ˆâ–ˆ  | 8/10 [1:23:22<20:46, 623.50s/it]Training Epochs:  90%|â–ˆâ–ˆâ–ˆâ–ˆâ–ˆâ–ˆâ–ˆâ–ˆâ–ˆ | 9/10 [1:33:43<10:22, 622.80s/it]Training Epochs: 100%|â–ˆâ–ˆâ–ˆâ–ˆâ–ˆâ–ˆâ–ˆâ–ˆâ–ˆâ–ˆ| 10/10 [1:43:53<00:00, 618.82s/it]Training Epochs: 100%|â–ˆâ–ˆâ–ˆâ–ˆâ–ˆâ–ˆâ–ˆâ–ˆâ–ˆâ–ˆ| 10/10 [1:43:53<00:00, 623.33s/it]
[32m[I 2022-05-24 06:20:33,160][0m Trial 187 finished with value: 0.6901945216315133 and parameters: {'guassian_blur': False, 'downsample': False, 'cell_width_pct': 1, 'lr': 0.0006520866440123713, 'momentum': 0.7056407449483567, 'conv_kernel_size': 6, 'num_layers': 2, 'layer_0': 32, 'layer_1': 32, 'optim': 'adam', 'clip_max_norm': 0.5909873928440579}. Best is trial 23 with value: 0.616194739405598.[0m
Training Epochs:   0%|          | 0/10 [00:00<?, ?it/s]Training Epochs:  10%|â–ˆ         | 1/10 [10:26<1:33:56, 626.23s/it]Training Epochs:  20%|â–ˆâ–ˆ        | 2/10 [20:54<1:23:37, 627.25s/it]Training Epochs:  30%|â–ˆâ–ˆâ–ˆ       | 3/10 [31:14<1:12:49, 624.17s/it]Training Epochs:  40%|â–ˆâ–ˆâ–ˆâ–ˆ      | 4/10 [41:36<1:02:18, 623.12s/it]Training Epochs:  50%|â–ˆâ–ˆâ–ˆâ–ˆâ–ˆ     | 5/10 [51:58<51:53, 622.77s/it]  Training Epochs:  60%|â–ˆâ–ˆâ–ˆâ–ˆâ–ˆâ–ˆ    | 6/10 [1:02:23<41:33, 623.49s/it]Training Epochs:  70%|â–ˆâ–ˆâ–ˆâ–ˆâ–ˆâ–ˆâ–ˆ   | 7/10 [1:12:43<31:07, 622.44s/it]Training Epochs:  80%|â–ˆâ–ˆâ–ˆâ–ˆâ–ˆâ–ˆâ–ˆâ–ˆ  | 8/10 [1:23:05<20:44, 622.28s/it]Training Epochs:  90%|â–ˆâ–ˆâ–ˆâ–ˆâ–ˆâ–ˆâ–ˆâ–ˆâ–ˆ | 9/10 [1:33:25<10:21, 621.64s/it]