ERROR: Unable to locate a modulefile for 'python/anaconda-2021.05'
[32m[I 2022-05-23 23:14:30,925][0m Using an existing study with name 'peanut' instead of creating a new one.[0m
Training Epochs:   0%|          | 0/10 [00:00<?, ?it/s]Training Epochs:  10%|â–ˆ         | 1/10 [05:34<50:08, 334.27s/it]Training Epochs:  20%|â–ˆâ–ˆ        | 2/10 [10:42<42:30, 318.84s/it]Training Epochs:  30%|â–ˆâ–ˆâ–ˆ       | 3/10 [15:55<36:54, 316.31s/it]Training Epochs:  40%|â–ˆâ–ˆâ–ˆâ–ˆ      | 4/10 [21:07<31:28, 314.76s/it]Training Epochs:  50%|â–ˆâ–ˆâ–ˆâ–ˆâ–ˆ     | 5/10 [26:18<26:06, 313.23s/it]Training Epochs:  60%|â–ˆâ–ˆâ–ˆâ–ˆâ–ˆâ–ˆ    | 6/10 [31:33<20:55, 313.86s/it]Training Epochs:  70%|â–ˆâ–ˆâ–ˆâ–ˆâ–ˆâ–ˆâ–ˆ   | 7/10 [36:43<15:37, 312.61s/it]Training Epochs:  80%|â–ˆâ–ˆâ–ˆâ–ˆâ–ˆâ–ˆâ–ˆâ–ˆ  | 8/10 [41:53<10:23, 311.72s/it]Training Epochs:  90%|â–ˆâ–ˆâ–ˆâ–ˆâ–ˆâ–ˆâ–ˆâ–ˆâ–ˆ | 9/10 [47:04<05:11, 311.46s/it]Training Epochs: 100%|â–ˆâ–ˆâ–ˆâ–ˆâ–ˆâ–ˆâ–ˆâ–ˆâ–ˆâ–ˆ| 10/10 [52:15<00:00, 311.45s/it]Training Epochs: 100%|â–ˆâ–ˆâ–ˆâ–ˆâ–ˆâ–ˆâ–ˆâ–ˆâ–ˆâ–ˆ| 10/10 [52:15<00:00, 313.58s/it]
[32m[I 2022-05-24 00:11:28,085][0m Trial 79 finished with value: 0.9108065153871264 and parameters: {'guassian_blur': True, 'guassian_sigma': 2.9657898835801877, 'downsample': False, 'cell_width_pct': 0.125, 'lr': 0.0008600428277700377, 'momentum': 0.9435035634702644, 'conv_kernel_size': 5, 'num_layers': 2, 'layer_0': 32, 'layer_1': 16, 'optim': 'adam', 'clip_max_norm': 0.5741717909365731}. Best is trial 23 with value: 0.616194739405598.[0m
Training Epochs:   0%|          | 0/10 [00:00<?, ?it/s]Training Epochs:  10%|â–ˆ         | 1/10 [05:14<47:13, 314.89s/it]Training Epochs:  20%|â–ˆâ–ˆ        | 2/10 [10:20<41:16, 309.58s/it]Training Epochs:  30%|â–ˆâ–ˆâ–ˆ       | 3/10 [15:27<35:56, 308.08s/it]Training Epochs:  40%|â–ˆâ–ˆâ–ˆâ–ˆ      | 4/10 [20:32<30:42, 307.14s/it]Training Epochs:  50%|â–ˆâ–ˆâ–ˆâ–ˆâ–ˆ     | 5/10 [25:38<25:32, 306.50s/it]Training Epochs:  60%|â–ˆâ–ˆâ–ˆâ–ˆâ–ˆâ–ˆ    | 6/10 [30:46<20:28, 307.13s/it]Training Epochs:  70%|â–ˆâ–ˆâ–ˆâ–ˆâ–ˆâ–ˆâ–ˆ   | 7/10 [35:52<15:20, 306.76s/it]Training Epochs:  80%|â–ˆâ–ˆâ–ˆâ–ˆâ–ˆâ–ˆâ–ˆâ–ˆ  | 8/10 [40:57<10:12, 306.21s/it]Training Epochs:  90%|â–ˆâ–ˆâ–ˆâ–ˆâ–ˆâ–ˆâ–ˆâ–ˆâ–ˆ | 9/10 [46:02<05:05, 305.75s/it]Training Epochs: 100%|â–ˆâ–ˆâ–ˆâ–ˆâ–ˆâ–ˆâ–ˆâ–ˆâ–ˆâ–ˆ| 10/10 [51:06<00:00, 305.20s/it]Training Epochs: 100%|â–ˆâ–ˆâ–ˆâ–ˆâ–ˆâ–ˆâ–ˆâ–ˆâ–ˆâ–ˆ| 10/10 [51:06<00:00, 306.62s/it]
[32m[I 2022-05-24 01:07:14,219][0m Trial 91 finished with value: 0.8735854838575635 and parameters: {'guassian_blur': True, 'guassian_sigma': 3.5735275155910697, 'downsample': False, 'cell_width_pct': 0.125, 'lr': 0.0008281339879705072, 'momentum': 0.9994173423856805, 'conv_kernel_size': 5, 'num_layers': 2, 'layer_0': 32, 'layer_1': 16, 'optim': 'adam', 'clip_max_norm': 0.6688209070863365}. Best is trial 23 with value: 0.616194739405598.[0m
Training Epochs:   0%|          | 0/10 [00:00<?, ?it/s]Training Epochs:   0%|          | 0/10 [09:02<?, ?it/s]
[32m[I 2022-05-24 01:20:39,920][0m Trial 106 pruned. [0m
Training Epochs:   0%|          | 0/10 [00:00<?, ?it/s]Training Epochs:   0%|          | 0/10 [03:15<?, ?it/s]
[32m[I 2022-05-24 01:28:16,638][0m Trial 112 pruned. [0m
Training Epochs:   0%|          | 0/10 [00:00<?, ?it/s]Training Epochs:   0%|          | 0/10 [03:39<?, ?it/s]
[32m[I 2022-05-24 01:36:16,718][0m Trial 119 pruned. [0m
Training Epochs:   0%|          | 0/10 [00:00<?, ?it/s]Training Epochs:   0%|          | 0/10 [02:36<?, ?it/s]
[32m[I 2022-05-24 01:43:33,265][0m Trial 126 pruned. [0m
Training Epochs:   0%|          | 0/10 [00:00<?, ?it/s]Training Epochs:  10%|â–ˆ         | 1/10 [05:07<46:08, 307.56s/it]Training Epochs:  20%|â–ˆâ–ˆ        | 2/10 [10:13<40:52, 306.53s/it]Training Epochs:  30%|â–ˆâ–ˆâ–ˆ       | 3/10 [15:21<35:50, 307.14s/it]Training Epochs:  40%|â–ˆâ–ˆâ–ˆâ–ˆ      | 4/10 [20:28<30:44, 307.36s/it]Training Epochs:  50%|â–ˆâ–ˆâ–ˆâ–ˆâ–ˆ     | 5/10 [25:35<25:35, 307.13s/it]Training Epochs:  60%|â–ˆâ–ˆâ–ˆâ–ˆâ–ˆâ–ˆ    | 6/10 [30:40<20:25, 306.27s/it]Training Epochs:  70%|â–ˆâ–ˆâ–ˆâ–ˆâ–ˆâ–ˆâ–ˆ   | 7/10 [35:44<15:16, 305.66s/it]Training Epochs:  80%|â–ˆâ–ˆâ–ˆâ–ˆâ–ˆâ–ˆâ–ˆâ–ˆ  | 8/10 [40:49<10:10, 305.27s/it]Training Epochs:  90%|â–ˆâ–ˆâ–ˆâ–ˆâ–ˆâ–ˆâ–ˆâ–ˆâ–ˆ | 9/10 [45:54<05:05, 305.20s/it]Training Epochs: 100%|â–ˆâ–ˆâ–ˆâ–ˆâ–ˆâ–ˆâ–ˆâ–ˆâ–ˆâ–ˆ| 10/10 [50:58<00:00, 304.79s/it]Training Epochs: 100%|â–ˆâ–ˆâ–ˆâ–ˆâ–ˆâ–ˆâ–ˆâ–ˆâ–ˆâ–ˆ| 10/10 [50:58<00:00, 305.80s/it]
[32m[I 2022-05-24 02:38:56,026][0m Trial 132 finished with value: 0.9472435755389077 and parameters: {'guassian_blur': True, 'guassian_sigma': 2.801229776187605, 'downsample': False, 'cell_width_pct': 0.125, 'lr': 0.000993590774248294, 'momentum': 0.9217442877583035, 'conv_kernel_size': 5, 'num_layers': 2, 'layer_0': 32, 'layer_1': 16, 'optim': 'adam', 'clip_max_norm': 0.5577287941632464}. Best is trial 23 with value: 0.616194739405598.[0m
Training Epochs:   0%|          | 0/10 [00:00<?, ?it/s]Training Epochs:   0%|          | 0/10 [06:49<?, ?it/s]
[32m[I 2022-05-24 02:50:05,817][0m Trial 145 pruned. [0m
Training Epochs:   0%|          | 0/10 [00:00<?, ?it/s]Training Epochs:   0%|          | 0/10 [03:30<?, ?it/s]
[32m[I 2022-05-24 02:57:56,279][0m Trial 149 pruned. [0m
Training Epochs:   0%|          | 0/10 [00:00<?, ?it/s]Training Epochs:  10%|â–ˆ         | 1/10 [05:05<45:51, 305.72s/it]Training Epochs:  20%|â–ˆâ–ˆ        | 2/10 [10:04<40:12, 301.62s/it]Training Epochs:  30%|â–ˆâ–ˆâ–ˆ       | 3/10 [15:05<35:08, 301.21s/it]Training Epochs:  40%|â–ˆâ–ˆâ–ˆâ–ˆ      | 4/10 [20:02<29:59, 299.85s/it]Training Epochs:  50%|â–ˆâ–ˆâ–ˆâ–ˆâ–ˆ     | 5/10 [25:04<25:01, 300.33s/it]Training Epochs:  60%|â–ˆâ–ˆâ–ˆâ–ˆâ–ˆâ–ˆ    | 6/10 [30:03<19:59, 299.97s/it]Training Epochs:  70%|â–ˆâ–ˆâ–ˆâ–ˆâ–ˆâ–ˆâ–ˆ   | 7/10 [35:02<14:59, 299.77s/it]Training Epochs:  80%|â–ˆâ–ˆâ–ˆâ–ˆâ–ˆâ–ˆâ–ˆâ–ˆ  | 8/10 [40:03<10:00, 300.19s/it]Training Epochs:  80%|â–ˆâ–ˆâ–ˆâ–ˆâ–ˆâ–ˆâ–ˆâ–ˆ  | 8/10 [45:03<11:15, 337.99s/it]
[32m[I 2022-05-24 03:47:22,930][0m Trial 153 pruned. [0m
Training Epochs:   0%|          | 0/10 [00:00<?, ?it/s]Training Epochs:  10%|â–ˆ         | 1/10 [00:41<06:09, 41.02s/it]Training Epochs:  10%|â–ˆ         | 1/10 [01:21<12:12, 81.36s/it]
[32m[I 2022-05-24 03:53:15,095][0m Trial 169 pruned. [0m
Training Epochs:   0%|          | 0/10 [00:00<?, ?it/s]Training Epochs:  10%|â–ˆ         | 1/10 [00:29<04:26, 29.64s/it]Training Epochs:  20%|â–ˆâ–ˆ        | 2/10 [00:58<03:53, 29.19s/it]Training Epochs:  30%|â–ˆâ–ˆâ–ˆ       | 3/10 [01:26<03:21, 28.83s/it]Training Epochs:  40%|â–ˆâ–ˆâ–ˆâ–ˆ      | 4/10 [01:54<02:50, 28.45s/it]Training Epochs:  50%|â–ˆâ–ˆâ–ˆâ–ˆâ–ˆ     | 5/10 [02:22<02:21, 28.35s/it]Training Epochs:  60%|â–ˆâ–ˆâ–ˆâ–ˆâ–ˆâ–ˆ    | 6/10 [02:51<01:53, 28.25s/it]Training Epochs:  70%|â–ˆâ–ˆâ–ˆâ–ˆâ–ˆâ–ˆâ–ˆ   | 7/10 [03:19<01:24, 28.18s/it]Training Epochs:  80%|â–ˆâ–ˆâ–ˆâ–ˆâ–ˆâ–ˆâ–ˆâ–ˆ  | 8/10 [03:46<00:56, 28.07s/it]Training Epochs:  90%|â–ˆâ–ˆâ–ˆâ–ˆâ–ˆâ–ˆâ–ˆâ–ˆâ–ˆ | 9/10 [04:15<00:28, 28.17s/it]Training Epochs: 100%|â–ˆâ–ˆâ–ˆâ–ˆâ–ˆâ–ˆâ–ˆâ–ˆâ–ˆâ–ˆ| 10/10 [04:43<00:00, 28.15s/it]Training Epochs: 100%|â–ˆâ–ˆâ–ˆâ–ˆâ–ˆâ–ˆâ–ˆâ–ˆâ–ˆâ–ˆ| 10/10 [04:43<00:00, 28.34s/it]
[32m[I 2022-05-24 04:02:12,630][0m Trial 173 finished with value: 0.9019172745091575 and parameters: {'guassian_blur': False, 'downsample': True, 'downsample_dim': 128, 'cell_width_pct': 1, 'lr': 0.0007658471033455283, 'momentum': 0.9994592630441113, 'conv_kernel_size': 7, 'num_layers': 2, 'layer_0': 32, 'layer_1': 32, 'optim': 'adam', 'clip_max_norm': 0.6047627003227676}. Best is trial 23 with value: 0.616194739405598.[0m
Training Epochs:   0%|          | 0/10 [00:00<?, ?it/s]Training Epochs:  10%|â–ˆ         | 1/10 [09:58<1:29:48, 598.74s/it]Training Epochs:  20%|â–ˆâ–ˆ        | 2/10 [20:01<1:20:08, 601.11s/it]Training Epochs:  30%|â–ˆâ–ˆâ–ˆ       | 3/10 [29:57<1:09:50, 598.62s/it]Training Epochs:  40%|â–ˆâ–ˆâ–ˆâ–ˆ      | 4/10 [40:00<1:00:02, 600.47s/it]Training Epochs:  50%|â–ˆâ–ˆâ–ˆâ–ˆâ–ˆ     | 5/10 [49:58<49:58, 599.63s/it]  Training Epochs:  60%|â–ˆâ–ˆâ–ˆâ–ˆâ–ˆâ–ˆ    | 6/10 [59:53<39:52, 598.01s/it]Training Epochs:  70%|â–ˆâ–ˆâ–ˆâ–ˆâ–ˆâ–ˆâ–ˆ   | 7/10 [1:09:45<29:47, 595.95s/it]Training Epochs:  80%|â–ˆâ–ˆâ–ˆâ–ˆâ–ˆâ–ˆâ–ˆâ–ˆ  | 8/10 [1:19:33<19:47, 593.64s/it]Training Epochs:  90%|â–ˆâ–ˆâ–ˆâ–ˆâ–ˆâ–ˆâ–ˆâ–ˆâ–ˆ | 9/10 [1:29:25<09:52, 592.95s/it]Training Epochs: 100%|â–ˆâ–ˆâ–ˆâ–ˆâ–ˆâ–ˆâ–ˆâ–ˆâ–ˆâ–ˆ| 10/10 [1:39:15<00:00, 592.12s/it]Training Epochs: 100%|â–ˆâ–ˆâ–ˆâ–ˆâ–ˆâ–ˆâ–ˆâ–ˆâ–ˆâ–ˆ| 10/10 [1:39:15<00:00, 595.56s/it]
[32m[I 2022-05-24 05:46:05,235][0m Trial 178 finished with value: 0.795051885502679 and parameters: {'guassian_blur': True, 'guassian_sigma': 3.232073643596195, 'downsample': False, 'cell_width_pct': 1, 'lr': 0.00022007507909120743, 'momentum': 0.8124728504687823, 'conv_kernel_size': 6, 'num_layers': 2, 'layer_0': 32, 'layer_1': 32, 'optim': 'adam', 'clip_max_norm': 0.6548458364473202}. Best is trial 23 with value: 0.616194739405598.[0m
Training Epochs:   0%|          | 0/10 [00:00<?, ?it/s]Training Epochs:  10%|â–ˆ         | 1/10 [09:50<1:28:33, 590.42s/it]Training Epochs:  20%|â–ˆâ–ˆ        | 2/10 [19:29<1:17:48, 583.57s/it]Training Epochs:  30%|â–ˆâ–ˆâ–ˆ       | 3/10 [29:11<1:08:01, 583.06s/it]Training Epochs:  40%|â–ˆâ–ˆâ–ˆâ–ˆ      | 4/10 [38:48<58:02, 580.44s/it]  Training Epochs:  40%|â–ˆâ–ˆâ–ˆâ–ˆ      | 4/10 [48:22<1:12:34, 725.71s/it]
[32m[I 2022-05-24 06:38:58,157][0m Trial 188 pruned. [0m
Training Epochs:   0%|          | 0/10 [00:00<?, ?it/s]Training Epochs:   0%|          | 0/10 [04:40<?, ?it/s]
[32m[I 2022-05-24 06:48:06,266][0m Trial 201 pruned. [0m
Training Epochs:   0%|          | 0/10 [00:00<?, ?it/s]Training Epochs:  10%|â–ˆ         | 1/10 [09:43<1:27:32, 583.59s/it]Training Epochs:  20%|â–ˆâ–ˆ        | 2/10 [19:17<1:17:01, 577.72s/it]Training Epochs:  30%|â–ˆâ–ˆâ–ˆ       | 3/10 [28:52<1:07:16, 576.60s/it]Training Epochs:  40%|â–ˆâ–ˆâ–ˆâ–ˆ      | 4/10 [38:24<57:28, 574.79s/it]  Training Epochs:  50%|â–ˆâ–ˆâ–ˆâ–ˆâ–ˆ     | 5/10 [48:00<47:55, 575.11s/it]Training Epochs:  60%|â–ˆâ–ˆâ–ˆâ–ˆâ–ˆâ–ˆ    | 6/10 [57:39<38:25, 576.47s/it]Training Epochs:  70%|â–ˆâ–ˆâ–ˆâ–ˆâ–ˆâ–ˆâ–ˆ   | 7/10 [1:07:14<28:48, 576.02s/it]