ERROR: Unable to locate a modulefile for 'python/anaconda-2021.05'
[32m[I 2022-05-23 23:14:30,889][0m Using an existing study with name 'peanut' instead of creating a new one.[0m
Training Epochs:   0%|          | 0/10 [00:00<?, ?it/s]Training Epochs:  10%|â–ˆ         | 1/10 [05:35<50:16, 335.22s/it]Training Epochs:  20%|â–ˆâ–ˆ        | 2/10 [10:57<43:41, 327.65s/it]Training Epochs:  30%|â–ˆâ–ˆâ–ˆ       | 3/10 [16:17<37:50, 324.35s/it]Training Epochs:  40%|â–ˆâ–ˆâ–ˆâ–ˆ      | 4/10 [21:37<32:13, 322.26s/it]Training Epochs:  50%|â–ˆâ–ˆâ–ˆâ–ˆâ–ˆ     | 5/10 [26:56<26:45, 321.12s/it]Training Epochs:  60%|â–ˆâ–ˆâ–ˆâ–ˆâ–ˆâ–ˆ    | 6/10 [32:15<21:21, 320.48s/it]Training Epochs:  70%|â–ˆâ–ˆâ–ˆâ–ˆâ–ˆâ–ˆâ–ˆ   | 7/10 [37:34<15:59, 319.90s/it]Training Epochs:  80%|â–ˆâ–ˆâ–ˆâ–ˆâ–ˆâ–ˆâ–ˆâ–ˆ  | 8/10 [42:53<10:39, 319.60s/it]Training Epochs:  90%|â–ˆâ–ˆâ–ˆâ–ˆâ–ˆâ–ˆâ–ˆâ–ˆâ–ˆ | 9/10 [48:11<05:19, 319.11s/it]Training Epochs: 100%|â–ˆâ–ˆâ–ˆâ–ˆâ–ˆâ–ˆâ–ˆâ–ˆâ–ˆâ–ˆ| 10/10 [53:29<00:00, 318.88s/it]Training Epochs: 100%|â–ˆâ–ˆâ–ˆâ–ˆâ–ˆâ–ˆâ–ˆâ–ˆâ–ˆâ–ˆ| 10/10 [53:29<00:00, 320.94s/it]
[32m[I 2022-05-24 00:13:12,964][0m Trial 77 finished with value: 0.8376542414937701 and parameters: {'guassian_blur': True, 'guassian_sigma': 2.7452128277692096, 'downsample': False, 'cell_width_pct': 0.125, 'lr': 0.0009430913149959177, 'momentum': 0.9337533698766612, 'conv_kernel_size': 5, 'num_layers': 2, 'layer_0': 32, 'layer_1': 16, 'optim': 'adam', 'clip_max_norm': 0.5566681272817503}. Best is trial 23 with value: 0.616194739405598.[0m
Training Epochs:   0%|          | 0/10 [00:00<?, ?it/s]Training Epochs:  10%|â–ˆ         | 1/10 [05:35<50:19, 335.55s/it]Training Epochs:  20%|â–ˆâ–ˆ        | 2/10 [11:03<44:08, 331.06s/it]Training Epochs:  30%|â–ˆâ–ˆâ–ˆ       | 3/10 [16:29<38:19, 328.56s/it]Training Epochs:  40%|â–ˆâ–ˆâ–ˆâ–ˆ      | 4/10 [21:54<32:44, 327.46s/it]Training Epochs:  50%|â–ˆâ–ˆâ–ˆâ–ˆâ–ˆ     | 5/10 [27:19<27:12, 326.49s/it]Training Epochs:  60%|â–ˆâ–ˆâ–ˆâ–ˆâ–ˆâ–ˆ    | 6/10 [32:37<21:33, 323.46s/it]Training Epochs:  70%|â–ˆâ–ˆâ–ˆâ–ˆâ–ˆâ–ˆâ–ˆ   | 7/10 [37:45<15:55, 318.42s/it]Training Epochs:  80%|â–ˆâ–ˆâ–ˆâ–ˆâ–ˆâ–ˆâ–ˆâ–ˆ  | 8/10 [42:54<10:31, 315.52s/it]Training Epochs:  90%|â–ˆâ–ˆâ–ˆâ–ˆâ–ˆâ–ˆâ–ˆâ–ˆâ–ˆ | 9/10 [48:02<05:13, 313.12s/it]Training Epochs: 100%|â–ˆâ–ˆâ–ˆâ–ˆâ–ˆâ–ˆâ–ˆâ–ˆâ–ˆâ–ˆ| 10/10 [53:09<00:00, 311.27s/it]Training Epochs: 100%|â–ˆâ–ˆâ–ˆâ–ˆâ–ˆâ–ˆâ–ˆâ–ˆâ–ˆâ–ˆ| 10/10 [53:09<00:00, 318.95s/it]
[32m[I 2022-05-24 01:11:03,071][0m Trial 93 finished with value: 0.9237974115780422 and parameters: {'guassian_blur': True, 'guassian_sigma': 3.2366921389553767, 'downsample': False, 'cell_width_pct': 0.125, 'lr': 0.0008337340211801091, 'momentum': 0.9647482677491135, 'conv_kernel_size': 5, 'num_layers': 2, 'layer_0': 32, 'layer_1': 16, 'optim': 'adam', 'clip_max_norm': 0.6859666160112787}. Best is trial 23 with value: 0.616194739405598.[0m
Training Epochs:   0%|          | 0/10 [00:00<?, ?it/s]Training Epochs:   0%|          | 0/10 [05:52<?, ?it/s]
[32m[I 2022-05-24 01:21:33,813][0m Trial 109 pruned. [0m
Training Epochs:   0%|          | 0/10 [00:00<?, ?it/s]Training Epochs:   0%|          | 0/10 [03:13<?, ?it/s]
[32m[I 2022-05-24 01:29:20,987][0m Trial 113 pruned. [0m
Training Epochs:   0%|          | 0/10 [00:00<?, ?it/s]Training Epochs:   0%|          | 0/10 [03:43<?, ?it/s]
[32m[I 2022-05-24 01:37:33,371][0m Trial 121 pruned. [0m
Training Epochs:   0%|          | 0/10 [00:00<?, ?it/s]Training Epochs:  10%|â–ˆ         | 1/10 [04:06<36:58, 246.48s/it]Training Epochs:  10%|â–ˆ         | 1/10 [08:09<1:13:25, 489.46s/it]
[32m[I 2022-05-24 01:50:10,766][0m Trial 127 pruned. [0m
Training Epochs:   0%|          | 0/10 [00:00<?, ?it/s]Training Epochs:   0%|          | 0/10 [05:10<?, ?it/s]
[32m[I 2022-05-24 01:59:49,344][0m Trial 134 pruned. [0m
Training Epochs:   0%|          | 0/10 [00:00<?, ?it/s]Training Epochs:  10%|â–ˆ         | 1/10 [05:17<47:41, 317.90s/it]Training Epochs:  10%|â–ˆ         | 1/10 [10:23<1:33:30, 623.39s/it]
[32m[I 2022-05-24 02:14:40,946][0m Trial 137 pruned. [0m
Training Epochs:   0%|          | 0/10 [00:00<?, ?it/s]Training Epochs:  10%|â–ˆ         | 1/10 [09:40<1:27:05, 580.65s/it]Training Epochs:  20%|â–ˆâ–ˆ        | 2/10 [19:22<1:17:31, 581.49s/it]Training Epochs:  30%|â–ˆâ–ˆâ–ˆ       | 3/10 [28:57<1:07:28, 578.29s/it]Training Epochs:  40%|â–ˆâ–ˆâ–ˆâ–ˆ      | 4/10 [38:33<57:44, 577.45s/it]  Training Epochs:  50%|â–ˆâ–ˆâ–ˆâ–ˆâ–ˆ     | 5/10 [48:11<48:07, 577.54s/it]Training Epochs:  60%|â–ˆâ–ˆâ–ˆâ–ˆâ–ˆâ–ˆ    | 6/10 [57:44<38:24, 576.20s/it]Training Epochs:  60%|â–ˆâ–ˆâ–ˆâ–ˆâ–ˆâ–ˆ    | 6/10 [1:07:19<44:53, 673.31s/it]
[32m[I 2022-05-24 03:26:29,401][0m Trial 141 pruned. [0m
Training Epochs:   0%|          | 0/10 [00:00<?, ?it/s]Training Epochs:   0%|          | 0/10 [02:21<?, ?it/s]
[32m[I 2022-05-24 03:33:19,928][0m Trial 162 pruned. [0m
Training Epochs:   0%|          | 0/10 [00:00<?, ?it/s]Training Epochs:   0%|          | 0/10 [05:09<?, ?it/s]
[32m[I 2022-05-24 03:42:57,616][0m Trial 164 pruned. [0m
Training Epochs:   0%|          | 0/10 [00:00<?, ?it/s]Training Epochs:   0%|          | 0/10 [04:20<?, ?it/s]
[32m[I 2022-05-24 03:51:49,032][0m Trial 167 pruned. [0m
Training Epochs:   0%|          | 0/10 [00:00<?, ?it/s]Training Epochs:   0%|          | 0/10 [00:15<?, ?it/s]
[32m[I 2022-05-24 03:56:30,434][0m Trial 170 pruned. [0m
Training Epochs:   0%|          | 0/10 [00:00<?, ?it/s]Training Epochs:   0%|          | 0/10 [05:22<?, ?it/s]
[32m[I 2022-05-24 04:06:20,915][0m Trial 174 pruned. [0m
Training Epochs:   0%|          | 0/10 [00:00<?, ?it/s]Training Epochs:  10%|â–ˆ         | 1/10 [09:45<1:27:45, 585.05s/it]Training Epochs:  20%|â–ˆâ–ˆ        | 2/10 [19:26<1:17:41, 582.67s/it]Training Epochs:  30%|â–ˆâ–ˆâ–ˆ       | 3/10 [29:01<1:07:36, 579.45s/it]Training Epochs:  40%|â–ˆâ–ˆâ–ˆâ–ˆ      | 4/10 [38:34<57:41, 576.88s/it]  Training Epochs:  50%|â–ˆâ–ˆâ–ˆâ–ˆâ–ˆ     | 5/10 [48:08<47:59, 575.95s/it]Training Epochs:  60%|â–ˆâ–ˆâ–ˆâ–ˆâ–ˆâ–ˆ    | 6/10 [57:39<38:17, 574.27s/it]Training Epochs:  70%|â–ˆâ–ˆâ–ˆâ–ˆâ–ˆâ–ˆâ–ˆ   | 7/10 [1:07:10<28:39, 573.12s/it]Training Epochs:  80%|â–ˆâ–ˆâ–ˆâ–ˆâ–ˆâ–ˆâ–ˆâ–ˆ  | 8/10 [1:16:42<19:05, 572.59s/it]Training Epochs:  90%|â–ˆâ–ˆâ–ˆâ–ˆâ–ˆâ–ˆâ–ˆâ–ˆâ–ˆ | 9/10 [1:26:13<09:32, 572.15s/it]Training Epochs: 100%|â–ˆâ–ˆâ–ˆâ–ˆâ–ˆâ–ˆâ–ˆâ–ˆâ–ˆâ–ˆ| 10/10 [1:35:43<00:00, 571.66s/it]Training Epochs: 100%|â–ˆâ–ˆâ–ˆâ–ˆâ–ˆâ–ˆâ–ˆâ–ˆâ–ˆâ–ˆ| 10/10 [1:35:43<00:00, 574.39s/it]
[32m[I 2022-05-24 05:46:34,154][0m Trial 180 finished with value: 0.8417665979691914 and parameters: {'guassian_blur': True, 'guassian_sigma': 3.173744258313889, 'downsample': False, 'cell_width_pct': 1, 'lr': 0.0006395311431102127, 'momentum': 0.7631782199647398, 'conv_kernel_size': 6, 'num_layers': 2, 'layer_0': 32, 'layer_1': 32, 'optim': 'adam', 'clip_max_norm': 0.6463019330119472}. Best is trial 23 with value: 0.616194739405598.[0m
Training Epochs:   0%|          | 0/10 [00:00<?, ?it/s]Training Epochs:  10%|â–ˆ         | 1/10 [09:47<1:28:05, 587.31s/it]Training Epochs:  20%|â–ˆâ–ˆ        | 2/10 [19:26<1:17:39, 582.42s/it]Training Epochs:  30%|â–ˆâ–ˆâ–ˆ       | 3/10 [28:55<1:07:13, 576.19s/it]Training Epochs:  40%|â–ˆâ–ˆâ–ˆâ–ˆ      | 4/10 [38:12<56:53, 568.84s/it]  Training Epochs:  50%|â–ˆâ–ˆâ–ˆâ–ˆâ–ˆ     | 5/10 [47:27<46:58, 563.65s/it]Training Epochs:  60%|â–ˆâ–ˆâ–ˆâ–ˆâ–ˆâ–ˆ    | 6/10 [56:43<37:24, 561.24s/it]Training Epochs:  70%|â–ˆâ–ˆâ–ˆâ–ˆâ–ˆâ–ˆâ–ˆ   | 7/10 [1:05:58<27:57, 559.13s/it]Training Epochs:  80%|â–ˆâ–ˆâ–ˆâ–ˆâ–ˆâ–ˆâ–ˆâ–ˆ  | 8/10 [1:15:13<18:35, 557.76s/it]Training Epochs:  90%|â–ˆâ–ˆâ–ˆâ–ˆâ–ˆâ–ˆâ–ˆâ–ˆâ–ˆ | 9/10 [1:24:26<09:16, 556.24s/it]Training Epochs: 100%|â–ˆâ–ˆâ–ˆâ–ˆâ–ˆâ–ˆâ–ˆâ–ˆâ–ˆâ–ˆ| 10/10 [1:33:40<00:00, 555.64s/it]Training Epochs: 100%|â–ˆâ–ˆâ–ˆâ–ˆâ–ˆâ–ˆâ–ˆâ–ˆâ–ˆâ–ˆ| 10/10 [1:33:40<00:00, 562.05s/it]
[32m[I 2022-05-24 07:24:40,190][0m Trial 189 finished with value: 0.727678697024073 and parameters: {'guassian_blur': False, 'downsample': False, 'cell_width_pct': 1, 'lr': 0.00045655794448832215, 'momentum': 0.8136052899497872, 'conv_kernel_size': 6, 'num_layers': 2, 'layer_0': 32, 'layer_1': 32, 'optim': 'adam', 'clip_max_norm': 0.6755321877174909}. Best is trial 23 with value: 0.616194739405598.[0m
Training Epochs:   0%|          | 0/10 [00:00<?, ?it/s]Training Epochs:  10%|â–ˆ         | 1/10 [09:30<1:25:31, 570.12s/it]Training Epochs:  20%|â–ˆâ–ˆ        | 2/10 [18:56<1:15:42, 567.77s/it]Training Epochs:  30%|â–ˆâ–ˆâ–ˆ       | 3/10 [28:18<1:05:56, 565.20s/it]