ERROR: Unable to locate a modulefile for 'python/anaconda-2021.05'
[32m[I 2022-05-23 23:14:30,842][0m Using an existing study with name 'peanut' instead of creating a new one.[0m
Training Epochs:   0%|          | 0/10 [00:00<?, ?it/s]Training Epochs:   0%|          | 0/10 [05:25<?, ?it/s]
[32m[I 2022-05-23 23:24:28,286][0m Trial 78 pruned. [0m
Training Epochs:   0%|          | 0/10 [00:00<?, ?it/s]Training Epochs:  10%|â–ˆ         | 1/10 [10:07<1:31:05, 607.26s/it]Training Epochs:  20%|â–ˆâ–ˆ        | 2/10 [20:05<1:20:15, 601.97s/it]Training Epochs:  30%|â–ˆâ–ˆâ–ˆ       | 3/10 [30:02<1:09:57, 599.69s/it]Training Epochs:  40%|â–ˆâ–ˆâ–ˆâ–ˆ      | 4/10 [39:56<59:44, 597.43s/it]  Training Epochs:  50%|â–ˆâ–ˆâ–ˆâ–ˆâ–ˆ     | 5/10 [49:35<49:13, 590.66s/it]Training Epochs:  60%|â–ˆâ–ˆâ–ˆâ–ˆâ–ˆâ–ˆ    | 6/10 [59:26<39:23, 590.88s/it]Training Epochs:  70%|â–ˆâ–ˆâ–ˆâ–ˆâ–ˆâ–ˆâ–ˆ   | 7/10 [1:09:09<29:24, 588.20s/it]Training Epochs:  80%|â–ˆâ–ˆâ–ˆâ–ˆâ–ˆâ–ˆâ–ˆâ–ˆ  | 8/10 [1:18:52<19:33, 586.74s/it]Training Epochs:  90%|â–ˆâ–ˆâ–ˆâ–ˆâ–ˆâ–ˆâ–ˆâ–ˆâ–ˆ | 9/10 [1:28:38<09:46, 586.36s/it]Training Epochs: 100%|â–ˆâ–ˆâ–ˆâ–ˆâ–ˆâ–ˆâ–ˆâ–ˆâ–ˆâ–ˆ| 10/10 [1:38:23<00:00, 585.88s/it]Training Epochs: 100%|â–ˆâ–ˆâ–ˆâ–ˆâ–ˆâ–ˆâ–ˆâ–ˆâ–ˆâ–ˆ| 10/10 [1:38:23<00:00, 590.30s/it]
[32m[I 2022-05-24 01:07:33,610][0m Trial 84 finished with value: 0.8871953849281583 and parameters: {'guassian_blur': True, 'guassian_sigma': 3.6546479801478444, 'downsample': False, 'cell_width_pct': 1, 'lr': 0.00034845604965928984, 'momentum': 0.7403506631023029, 'conv_kernel_size': 6, 'num_layers': 2, 'layer_0': 32, 'layer_1': 32, 'optim': 'adam', 'clip_max_norm': 0.7461588589792335}. Best is trial 23 with value: 0.616194739405598.[0m
Training Epochs:   0%|          | 0/10 [00:00<?, ?it/s]Training Epochs:  10%|â–ˆ         | 1/10 [08:58<1:20:50, 538.97s/it]Training Epochs:  20%|â–ˆâ–ˆ        | 2/10 [17:59<1:11:59, 539.97s/it]Training Epochs:  20%|â–ˆâ–ˆ        | 2/10 [26:57<1:47:50, 808.76s/it]
[32m[I 2022-05-24 01:39:12,740][0m Trial 107 pruned. [0m
Training Epochs:   0%|          | 0/10 [00:00<?, ?it/s]Training Epochs:  10%|â–ˆ         | 1/10 [05:20<48:00, 320.01s/it]Training Epochs:  20%|â–ˆâ–ˆ        | 2/10 [10:34<42:16, 317.03s/it]Training Epochs:  30%|â–ˆâ–ˆâ–ˆ       | 3/10 [15:44<36:35, 313.60s/it]Training Epochs:  40%|â–ˆâ–ˆâ–ˆâ–ˆ      | 4/10 [20:55<31:15, 312.53s/it]Training Epochs:  50%|â–ˆâ–ˆâ–ˆâ–ˆâ–ˆ     | 5/10 [26:10<26:07, 313.42s/it]Training Epochs:  60%|â–ˆâ–ˆâ–ˆâ–ˆâ–ˆâ–ˆ    | 6/10 [31:24<20:54, 313.69s/it]Training Epochs:  70%|â–ˆâ–ˆâ–ˆâ–ˆâ–ˆâ–ˆâ–ˆ   | 7/10 [36:32<15:35, 311.78s/it]Training Epochs:  80%|â–ˆâ–ˆâ–ˆâ–ˆâ–ˆâ–ˆâ–ˆâ–ˆ  | 8/10 [41:40<10:21, 310.76s/it]Training Epochs:  90%|â–ˆâ–ˆâ–ˆâ–ˆâ–ˆâ–ˆâ–ˆâ–ˆâ–ˆ | 9/10 [47:00<05:13, 313.36s/it]Training Epochs: 100%|â–ˆâ–ˆâ–ˆâ–ˆâ–ˆâ–ˆâ–ˆâ–ˆâ–ˆâ–ˆ| 10/10 [52:14<00:00, 313.69s/it]Training Epochs: 100%|â–ˆâ–ˆâ–ˆâ–ˆâ–ˆâ–ˆâ–ˆâ–ˆâ–ˆâ–ˆ| 10/10 [52:14<00:00, 313.45s/it]
[32m[I 2022-05-24 02:36:07,794][0m Trial 128 finished with value: 0.7765713823693139 and parameters: {'guassian_blur': True, 'guassian_sigma': 2.5913437895887106, 'downsample': False, 'cell_width_pct': 0.125, 'lr': 0.0009184615444859138, 'momentum': 0.9383028288822775, 'conv_kernel_size': 5, 'num_layers': 2, 'layer_0': 32, 'layer_1': 16, 'optim': 'adam', 'clip_max_norm': 0.547618319011593}. Best is trial 23 with value: 0.616194739405598.[0m
Training Epochs:   0%|          | 0/10 [00:00<?, ?it/s]Training Epochs:   0%|          | 0/10 [06:36<?, ?it/s]
[32m[I 2022-05-24 02:47:26,072][0m Trial 144 pruned. [0m
Training Epochs:   0%|          | 0/10 [00:00<?, ?it/s]Training Epochs:  10%|â–ˆ         | 1/10 [07:41<1:09:15, 461.71s/it]Training Epochs:  20%|â–ˆâ–ˆ        | 2/10 [15:20<1:01:18, 459.82s/it]Training Epochs:  30%|â–ˆâ–ˆâ–ˆ       | 3/10 [22:59<53:38, 459.79s/it]  Training Epochs:  40%|â–ˆâ–ˆâ–ˆâ–ˆ      | 4/10 [30:34<45:46, 457.72s/it]Training Epochs:  50%|â–ˆâ–ˆâ–ˆâ–ˆâ–ˆ     | 5/10 [38:14<38:11, 458.37s/it]Training Epochs:  60%|â–ˆâ–ˆâ–ˆâ–ˆâ–ˆâ–ˆ    | 6/10 [45:48<30:27, 456.93s/it]Training Epochs:  70%|â–ˆâ–ˆâ–ˆâ–ˆâ–ˆâ–ˆâ–ˆ   | 7/10 [53:22<22:47, 455.92s/it]Training Epochs:  80%|â–ˆâ–ˆâ–ˆâ–ˆâ–ˆâ–ˆâ–ˆâ–ˆ  | 8/10 [1:00:58<15:12, 456.06s/it]Training Epochs:  90%|â–ˆâ–ˆâ–ˆâ–ˆâ–ˆâ–ˆâ–ˆâ–ˆâ–ˆ | 9/10 [1:08:33<07:35, 455.64s/it]Training Epochs: 100%|â–ˆâ–ˆâ–ˆâ–ˆâ–ˆâ–ˆâ–ˆâ–ˆâ–ˆâ–ˆ| 10/10 [1:15:57<00:00, 452.28s/it]Training Epochs: 100%|â–ˆâ–ˆâ–ˆâ–ˆâ–ˆâ–ˆâ–ˆâ–ˆâ–ˆâ–ˆ| 10/10 [1:15:57<00:00, 455.78s/it]
[32m[I 2022-05-24 04:08:03,404][0m Trial 148 finished with value: 0.771658392889159 and parameters: {'guassian_blur': False, 'downsample': False, 'cell_width_pct': 1, 'lr': 0.0008092129634979247, 'momentum': 0.5604321961113066, 'conv_kernel_size': 5, 'num_layers': 2, 'layer_0': 32, 'layer_1': 32, 'optim': 'adam', 'clip_max_norm': 0.5825985103298784}. Best is trial 23 with value: 0.616194739405598.[0m
Training Epochs:   0%|          | 0/10 [00:00<?, ?it/s]Training Epochs:   0%|          | 0/10 [10:06<?, ?it/s]
[32m[I 2022-05-24 04:22:47,982][0m Trial 181 pruned. [0m
Training Epochs:   0%|          | 0/10 [00:00<?, ?it/s]Training Epochs:  10%|â–ˆ         | 1/10 [10:15<1:32:19, 615.54s/it]Training Epochs:  20%|â–ˆâ–ˆ        | 2/10 [20:27<1:21:45, 613.17s/it]Training Epochs:  30%|â–ˆâ–ˆâ–ˆ       | 3/10 [30:37<1:11:22, 611.82s/it]Training Epochs:  40%|â–ˆâ–ˆâ–ˆâ–ˆ      | 4/10 [40:41<1:00:52, 608.80s/it]Training Epochs:  50%|â–ˆâ–ˆâ–ˆâ–ˆâ–ˆ     | 5/10 [50:45<50:36, 607.26s/it]  Training Epochs:  60%|â–ˆâ–ˆâ–ˆâ–ˆâ–ˆâ–ˆ    | 6/10 [1:00:56<40:33, 608.44s/it]Training Epochs:  70%|â–ˆâ–ˆâ–ˆâ–ˆâ–ˆâ–ˆâ–ˆ   | 7/10 [1:11:02<30:23, 607.70s/it]Training Epochs:  80%|â–ˆâ–ˆâ–ˆâ–ˆâ–ˆâ–ˆâ–ˆâ–ˆ  | 8/10 [1:21:04<20:11, 605.73s/it]Training Epochs:  90%|â–ˆâ–ˆâ–ˆâ–ˆâ–ˆâ–ˆâ–ˆâ–ˆâ–ˆ | 9/10 [1:31:01<10:03, 603.11s/it]Training Epochs: 100%|â–ˆâ–ˆâ–ˆâ–ˆâ–ˆâ–ˆâ–ˆâ–ˆâ–ˆâ–ˆ| 10/10 [1:40:57<00:00, 600.71s/it]Training Epochs: 100%|â–ˆâ–ˆâ–ˆâ–ˆâ–ˆâ–ˆâ–ˆâ–ˆâ–ˆâ–ˆ| 10/10 [1:40:57<00:00, 605.71s/it]
[32m[I 2022-05-24 06:08:23,041][0m Trial 185 finished with value: 0.7632385939359665 and parameters: {'guassian_blur': False, 'downsample': False, 'cell_width_pct': 1, 'lr': 0.00025593171701064583, 'momentum': 0.4501606829110856, 'conv_kernel_size': 6, 'num_layers': 2, 'layer_0': 32, 'layer_1': 32, 'optim': 'adam', 'clip_max_norm': 0.7753339707146956}. Best is trial 23 with value: 0.616194739405598.[0m
Training Epochs:   0%|          | 0/10 [00:00<?, ?it/s]Training Epochs:  10%|â–ˆ         | 1/10 [10:01<1:30:12, 601.35s/it]Training Epochs:  20%|â–ˆâ–ˆ        | 2/10 [20:05<1:20:23, 602.90s/it]Training Epochs:  30%|â–ˆâ–ˆâ–ˆ       | 3/10 [30:02<1:10:01, 600.21s/it]Training Epochs:  40%|â–ˆâ–ˆâ–ˆâ–ˆ      | 4/10 [39:54<59:42, 597.12s/it]  Training Epochs:  50%|â–ˆâ–ˆâ–ˆâ–ˆâ–ˆ     | 5/10 [49:54<49:51, 598.24s/it]Training Epochs:  60%|â–ˆâ–ˆâ–ˆâ–ˆâ–ˆâ–ˆ    | 6/10 [59:53<39:52, 598.21s/it]Training Epochs:  70%|â–ˆâ–ˆâ–ˆâ–ˆâ–ˆâ–ˆâ–ˆ   | 7/10 [1:09:50<29:54, 598.09s/it]Training Epochs:  80%|â–ˆâ–ˆâ–ˆâ–ˆâ–ˆâ–ˆâ–ˆâ–ˆ  | 8/10 [1:19:53<19:58, 599.39s/it]Training Epochs:  90%|â–ˆâ–ˆâ–ˆâ–ˆâ–ˆâ–ˆâ–ˆâ–ˆâ–ˆ | 9/10 [1:29:46<09:57, 597.54s/it]Training Epochs: 100%|â–ˆâ–ˆâ–ˆâ–ˆâ–ˆâ–ˆâ–ˆâ–ˆâ–ˆâ–ˆ| 10/10 [1:39:35<00:00, 594.77s/it]Training Epochs: 100%|â–ˆâ–ˆâ–ˆâ–ˆâ–ˆâ–ˆâ–ˆâ–ˆâ–ˆâ–ˆ| 10/10 [1:39:35<00:00, 597.52s/it]
[32m[I 2022-05-24 07:52:35,920][0m Trial 193 finished with value: 0.8120741077831813 and parameters: {'guassian_blur': False, 'downsample': False, 'cell_width_pct': 1, 'lr': 0.0003191409723391779, 'momentum': 0.7947569383535837, 'conv_kernel_size': 6, 'num_layers': 2, 'layer_0': 32, 'layer_1': 32, 'optim': 'adam', 'clip_max_norm': 0.7714411838488989}. Best is trial 23 with value: 0.616194739405598.[0m
Training Epochs:   0%|          | 0/10 [00:00<?, ?it/s]